Falsifying model dnn with a timeout of 3600 seconds.
Counter examples will be saved to cex20210322.
DNN PGD 0 seed=0
Falsifying: Forall(x0, (((N[(slice(2, -2, None), 1)](x0) <= -2.197224577336219) & (x0 <= 1) & (0 <= x0)) ==> ((N[(slice(2, -1, None), 0)](x0) <= 0.08726646259971647) & (-0.08726646259971647 <= N[(slice(2, -1, None), 0)](x0)))))

dnnf
  result: sat
  falsification time: 20.9861
  total time: 39.4218
DNN PGD 1 seed=0
Falsifying: Forall(x0, (((x0 <= 1) & (-2.197224577336219 < N[(slice(2, -2, None), 1)](x0)) & (N[(slice(2, -2, None), 1)](x0) <= -1.3862943611198906) & (0 <= x0)) ==> ((N[(slice(2, -1, None), 0)](x0) <= 0.17453292519943295) & (-0.17453292519943295 <= N[(slice(2, -1, None), 0)](x0)))))

dnnf
  result: sat
  falsification time: 28.5410
  total time: 47.3039
DNN PGD 2 seed=0
Falsifying: Forall(x0, (((-1.3862943611198906 < N[(slice(2, -2, None), 1)](x0)) & (0 <= x0) & (x0 <= 1) & (N[(slice(2, -2, None), 1)](x0) <= -0.8472978603872036)) ==> ((-0.3490658503988659 <= N[(slice(2, -1, None), 0)](x0)) & (N[(slice(2, -1, None), 0)](x0) <= 0.3490658503988659))))

dnnf
  result: sat
  falsification time: 417.1102
  total time: 435.7312
DNN PGD 3 seed=0
Falsifying: Forall(x0, (((-0.8472978603872036 < N[(slice(2, -2, None), 1)](x0)) & (N[(slice(2, -2, None), 1)](x0) <= -0.4054651081081643) & (0 <= x0) & (x0 <= 1)) ==> ((-0.5235987755982988 <= N[(slice(2, -1, None), 0)](x0)) & (N[(slice(2, -1, None), 0)](x0) <= 0.5235987755982988))))

dnnf
  result: sat
  falsification time: 428.9182
  total time: 436.0310
DNN PGD 4 seed=0
Falsifying: Forall(x0, (((N[(slice(2, -2, None), 1)](x0) <= 0.0) & (0 <= x0) & (x0 <= 1) & (-0.4054651081081643 < N[(slice(2, -2, None), 1)](x0))) ==> ((-0.6981317007977318 <= N[(slice(2, -1, None), 0)](x0)) & (N[(slice(2, -1, None), 0)](x0) <= 0.6981317007977318))))

dnnf
  result: sat
  falsification time: 37.3432
  total time: 44.6210
DNN PGD 5 seed=0
Falsifying: Forall(x0, (((0.0 < N[(slice(2, -2, None), 1)](x0)) & (x0 <= 1) & (0 <= x0) & (N[(slice(2, -2, None), 1)](x0) <= 0.4054651081081642)) ==> ((N[(slice(2, -1, None), 0)](x0) <= 0.8726646259971648) & (-0.8726646259971648 <= N[(slice(2, -1, None), 0)](x0)))))

dnnf
  result: sat
  falsification time: 1019.8355
  total time: 1026.9769
DNN PGD 6 seed=0
Falsifying: Forall(x0, (((0.4054651081081642 < N[(slice(2, -2, None), 1)](x0)) & (N[(slice(2, -2, None), 1)](x0) <= 0.8472978603872034) & (x0 <= 1) & (0 <= x0)) ==> ((-1.0471975511965976 <= N[(slice(2, -1, None), 0)](x0)) & (N[(slice(2, -1, None), 0)](x0) <= 1.0471975511965976))))

dnnf
  result: sat
  falsification time: 1161.2772
  total time: 1168.4308
DNN PGD 7 seed=0
Falsifying: Forall(x0, (((N[(slice(2, -2, None), 1)](x0) <= 1.3862943611198908) & (0.8472978603872034 < N[(slice(2, -2, None), 1)](x0)) & (x0 <= 1) & (0 <= x0)) ==> ((-1.2217304763960306 <= N[(slice(2, -1, None), 0)](x0)) & (N[(slice(2, -1, None), 0)](x0) <= 1.2217304763960306))))

dnnf
  result: sat
  falsification time: 15.0803
  total time: 22.1431
DNN PGD 8 seed=0
Falsifying: Forall(x0, (((x0 <= 1) & (N[(slice(2, -2, None), 1)](x0) <= 2.1972245773362196) & (1.3862943611198908 < N[(slice(2, -2, None), 1)](x0)) & (0 <= x0)) ==> ((-1.3962634015954636 <= N[(slice(2, -1, None), 0)](x0)) & (N[(slice(2, -1, None), 0)](x0) <= 1.3962634015954636))))

dnnf
  result: sat
  falsification time: 1537.0222
  total time: 1544.1164
DNN PGD 9 seed=0
Falsifying: Forall(x0, (((x0 <= 1) & (0 <= x0) & (2.1972245773362196 < N[(slice(2, -2, None), 1)](x0))) ==> ((N[(slice(2, -1, None), 0)](x0) <= 1.5707963267948966) & (-1.5707963267948966 <= N[(slice(2, -1, None), 0)](x0)))))

dnnf
  result: sat
  falsification time: 11.7480
  total time: 18.9291
DNN PGD 0 seed=1
Falsifying: Forall(x0, (((x0 <= 1) & (0 <= x0) & (N[(slice(2, -2, None), 1)](x0) <= -2.197224577336219)) ==> ((N[(slice(2, -1, None), 0)](x0) <= 0.08726646259971647) & (-0.08726646259971647 <= N[(slice(2, -1, None), 0)](x0)))))

dnnf
  result: sat
  falsification time: 11.8327
  total time: 19.1961
DNN PGD 1 seed=1
Falsifying: Forall(x0, (((0 <= x0) & (x0 <= 1) & (N[(slice(2, -2, None), 1)](x0) <= -1.3862943611198906) & (-2.197224577336219 < N[(slice(2, -2, None), 1)](x0))) ==> ((-0.17453292519943295 <= N[(slice(2, -1, None), 0)](x0)) & (N[(slice(2, -1, None), 0)](x0) <= 0.17453292519943295))))

dnnf
  result: sat
  falsification time: 59.3845
  total time: 66.4643
DNN PGD 2 seed=1
Falsifying: Forall(x0, (((0 <= x0) & (N[(slice(2, -2, None), 1)](x0) <= -0.8472978603872036) & (x0 <= 1) & (-1.3862943611198906 < N[(slice(2, -2, None), 1)](x0))) ==> ((-0.3490658503988659 <= N[(slice(2, -1, None), 0)](x0)) & (N[(slice(2, -1, None), 0)](x0) <= 0.3490658503988659))))

dnnf
  result: sat
  falsification time: 163.7895
  total time: 170.7895
DNN PGD 3 seed=1
Falsifying: Forall(x0, (((0 <= x0) & (-0.8472978603872036 < N[(slice(2, -2, None), 1)](x0)) & (N[(slice(2, -2, None), 1)](x0) <= -0.4054651081081643) & (x0 <= 1)) ==> ((-0.5235987755982988 <= N[(slice(2, -1, None), 0)](x0)) & (N[(slice(2, -1, None), 0)](x0) <= 0.5235987755982988))))

dnnf
  result: sat
  falsification time: 274.5965
  total time: 281.9326
DNN PGD 4 seed=1
Falsifying: Forall(x0, (((x0 <= 1) & (N[(slice(2, -2, None), 1)](x0) <= 0.0) & (0 <= x0) & (-0.4054651081081643 < N[(slice(2, -2, None), 1)](x0))) ==> ((N[(slice(2, -1, None), 0)](x0) <= 0.6981317007977318) & (-0.6981317007977318 <= N[(slice(2, -1, None), 0)](x0)))))

dnnf
  result: sat
  falsification time: 1203.8094
  total time: 1210.8756
DNN PGD 5 seed=1
Falsifying: Forall(x0, (((N[(slice(2, -2, None), 1)](x0) <= 0.4054651081081642) & (0 <= x0) & (x0 <= 1) & (0.0 < N[(slice(2, -2, None), 1)](x0))) ==> ((N[(slice(2, -1, None), 0)](x0) <= 0.8726646259971648) & (-0.8726646259971648 <= N[(slice(2, -1, None), 0)](x0)))))

dnnf
  result: sat
  falsification time: 1117.0889
  total time: 1124.1086
DNN PGD 6 seed=1
Falsifying: Forall(x0, (((x0 <= 1) & (N[(slice(2, -2, None), 1)](x0) <= 0.8472978603872034) & (0.4054651081081642 < N[(slice(2, -2, None), 1)](x0)) & (0 <= x0)) ==> ((N[(slice(2, -1, None), 0)](x0) <= 1.0471975511965976) & (-1.0471975511965976 <= N[(slice(2, -1, None), 0)](x0)))))

dnnf
  result: sat
  falsification time: 534.8619
  total time: 541.9374
DNN PGD 7 seed=1
Falsifying: Forall(x0, (((N[(slice(2, -2, None), 1)](x0) <= 1.3862943611198908) & (0 <= x0) & (x0 <= 1) & (0.8472978603872034 < N[(slice(2, -2, None), 1)](x0))) ==> ((N[(slice(2, -1, None), 0)](x0) <= 1.2217304763960306) & (-1.2217304763960306 <= N[(slice(2, -1, None), 0)](x0)))))

dnnf
  result: sat
  falsification time: 1231.0396
  total time: 1238.0455
DNN PGD 8 seed=1
Falsifying: Forall(x0, (((1.3862943611198908 < N[(slice(2, -2, None), 1)](x0)) & (0 <= x0) & (x0 <= 1) & (N[(slice(2, -2, None), 1)](x0) <= 2.1972245773362196)) ==> ((N[(slice(2, -1, None), 0)](x0) <= 1.3962634015954636) & (-1.3962634015954636 <= N[(slice(2, -1, None), 0)](x0)))))

dnnf
  result: sat
  falsification time: 400.5894
  total time: 407.6954
DNN PGD 9 seed=1
Falsifying: Forall(x0, (((2.1972245773362196 < N[(slice(2, -2, None), 1)](x0)) & (x0 <= 1) & (0 <= x0)) ==> ((-1.5707963267948966 <= N[(slice(2, -1, None), 0)](x0)) & (N[(slice(2, -1, None), 0)](x0) <= 1.5707963267948966))))

dnnf
  result: sat
  falsification time: 11.6336
  total time: 18.6498
DNN PGD 0 seed=2
Falsifying: Forall(x0, (((N[(slice(2, -2, None), 1)](x0) <= -2.197224577336219) & (x0 <= 1) & (0 <= x0)) ==> ((-0.08726646259971647 <= N[(slice(2, -1, None), 0)](x0)) & (N[(slice(2, -1, None), 0)](x0) <= 0.08726646259971647))))

dnnf
  result: sat
  falsification time: 12.2260
  total time: 19.1852
DNN PGD 1 seed=2
Falsifying: Forall(x0, (((-2.197224577336219 < N[(slice(2, -2, None), 1)](x0)) & (N[(slice(2, -2, None), 1)](x0) <= -1.3862943611198906) & (x0 <= 1) & (0 <= x0)) ==> ((N[(slice(2, -1, None), 0)](x0) <= 0.17453292519943295) & (-0.17453292519943295 <= N[(slice(2, -1, None), 0)](x0)))))

dnnf
  result: sat
  falsification time: 448.0639
  total time: 455.1689
DNN PGD 2 seed=2
Falsifying: Forall(x0, (((x0 <= 1) & (-1.3862943611198906 < N[(slice(2, -2, None), 1)](x0)) & (0 <= x0) & (N[(slice(2, -2, None), 1)](x0) <= -0.8472978603872036)) ==> ((N[(slice(2, -1, None), 0)](x0) <= 0.3490658503988659) & (-0.3490658503988659 <= N[(slice(2, -1, None), 0)](x0)))))

dnnf
  result: sat
  falsification time: 88.4483
  total time: 95.5855
DNN PGD 3 seed=2
Falsifying: Forall(x0, (((0 <= x0) & (-0.8472978603872036 < N[(slice(2, -2, None), 1)](x0)) & (N[(slice(2, -2, None), 1)](x0) <= -0.4054651081081643) & (x0 <= 1)) ==> ((N[(slice(2, -1, None), 0)](x0) <= 0.5235987755982988) & (-0.5235987755982988 <= N[(slice(2, -1, None), 0)](x0)))))

dnnf
  result: sat
  falsification time: 296.3177
  total time: 304.3640
DNN PGD 4 seed=2
Falsifying: Forall(x0, (((-0.4054651081081643 < N[(slice(2, -2, None), 1)](x0)) & (x0 <= 1) & (N[(slice(2, -2, None), 1)](x0) <= 0.0) & (0 <= x0)) ==> ((N[(slice(2, -1, None), 0)](x0) <= 0.6981317007977318) & (-0.6981317007977318 <= N[(slice(2, -1, None), 0)](x0)))))

dnnf
  result: sat
  falsification time: 1362.5377
  total time: 1370.7025
DNN PGD 5 seed=2
Falsifying: Forall(x0, (((x0 <= 1) & (0.0 < N[(slice(2, -2, None), 1)](x0)) & (N[(slice(2, -2, None), 1)](x0) <= 0.4054651081081642) & (0 <= x0)) ==> ((-0.8726646259971648 <= N[(slice(2, -1, None), 0)](x0)) & (N[(slice(2, -1, None), 0)](x0) <= 0.8726646259971648))))

dnnf
  result: sat
  falsification time: 629.3401
  total time: 637.4940
DNN PGD 6 seed=2
Falsifying: Forall(x0, (((N[(slice(2, -2, None), 1)](x0) <= 0.8472978603872034) & (x0 <= 1) & (0.4054651081081642 < N[(slice(2, -2, None), 1)](x0)) & (0 <= x0)) ==> ((N[(slice(2, -1, None), 0)](x0) <= 1.0471975511965976) & (-1.0471975511965976 <= N[(slice(2, -1, None), 0)](x0)))))

dnnf
  result: sat
  falsification time: 230.5141
  total time: 238.4435
DNN PGD 7 seed=2
Falsifying: Forall(x0, (((0.8472978603872034 < N[(slice(2, -2, None), 1)](x0)) & (x0 <= 1) & (0 <= x0) & (N[(slice(2, -2, None), 1)](x0) <= 1.3862943611198908)) ==> ((N[(slice(2, -1, None), 0)](x0) <= 1.2217304763960306) & (-1.2217304763960306 <= N[(slice(2, -1, None), 0)](x0)))))

dnnf
  result: sat
  falsification time: 1369.8676
  total time: 1377.5032
DNN PGD 8 seed=2
Falsifying: Forall(x0, (((1.3862943611198908 < N[(slice(2, -2, None), 1)](x0)) & (x0 <= 1) & (0 <= x0) & (N[(slice(2, -2, None), 1)](x0) <= 2.1972245773362196)) ==> ((-1.3962634015954636 <= N[(slice(2, -1, None), 0)](x0)) & (N[(slice(2, -1, None), 0)](x0) <= 1.3962634015954636))))

dnnf
  result: sat
  falsification time: 198.8594
  total time: 205.8332
DNN PGD 9 seed=2
Falsifying: Forall(x0, (((x0 <= 1) & (0 <= x0) & (2.1972245773362196 < N[(slice(2, -2, None), 1)](x0))) ==> ((-1.5707963267948966 <= N[(slice(2, -1, None), 0)](x0)) & (N[(slice(2, -1, None), 0)](x0) <= 1.5707963267948966))))

dnnf
  result: sat
  falsification time: 11.4324
  total time: 18.3918
DNN PGD 0 seed=3
Falsifying: Forall(x0, (((x0 <= 1) & (N[(slice(2, -2, None), 1)](x0) <= -2.197224577336219) & (0 <= x0)) ==> ((-0.08726646259971647 <= N[(slice(2, -1, None), 0)](x0)) & (N[(slice(2, -1, None), 0)](x0) <= 0.08726646259971647))))

dnnf
  result: sat
  falsification time: 12.2467
  total time: 19.2827
DNN PGD 1 seed=3
Falsifying: Forall(x0, (((N[(slice(2, -2, None), 1)](x0) <= -1.3862943611198906) & (x0 <= 1) & (0 <= x0) & (-2.197224577336219 < N[(slice(2, -2, None), 1)](x0))) ==> ((-0.17453292519943295 <= N[(slice(2, -1, None), 0)](x0)) & (N[(slice(2, -1, None), 0)](x0) <= 0.17453292519943295))))

dnnf
  result: sat
  falsification time: 24.0192
  total time: 31.1624
DNN PGD 2 seed=3
Falsifying: Forall(x0, (((N[(slice(2, -2, None), 1)](x0) <= -0.8472978603872036) & (-1.3862943611198906 < N[(slice(2, -2, None), 1)](x0)) & (x0 <= 1) & (0 <= x0)) ==> ((-0.3490658503988659 <= N[(slice(2, -1, None), 0)](x0)) & (N[(slice(2, -1, None), 0)](x0) <= 0.3490658503988659))))

dnnf
  result: sat
  falsification time: 128.8490
  total time: 135.7698
DNN PGD 3 seed=3
Falsifying: Forall(x0, (((0 <= x0) & (N[(slice(2, -2, None), 1)](x0) <= -0.4054651081081643) & (-0.8472978603872036 < N[(slice(2, -2, None), 1)](x0)) & (x0 <= 1)) ==> ((N[(slice(2, -1, None), 0)](x0) <= 0.5235987755982988) & (-0.5235987755982988 <= N[(slice(2, -1, None), 0)](x0)))))

dnnf
  result: sat
  falsification time: 784.3495
  total time: 791.5164
DNN PGD 4 seed=3
Falsifying: Forall(x0, (((N[(slice(2, -2, None), 1)](x0) <= 0.0) & (-0.4054651081081643 < N[(slice(2, -2, None), 1)](x0)) & (x0 <= 1) & (0 <= x0)) ==> ((N[(slice(2, -1, None), 0)](x0) <= 0.6981317007977318) & (-0.6981317007977318 <= N[(slice(2, -1, None), 0)](x0)))))

dnnf
  result: sat
  falsification time: 599.5147
  total time: 607.8765
DNN PGD 5 seed=3
Falsifying: Forall(x0, (((0.0 < N[(slice(2, -2, None), 1)](x0)) & (x0 <= 1) & (N[(slice(2, -2, None), 1)](x0) <= 0.4054651081081642) & (0 <= x0)) ==> ((-0.8726646259971648 <= N[(slice(2, -1, None), 0)](x0)) & (N[(slice(2, -1, None), 0)](x0) <= 0.8726646259971648))))

dnnf
  result: sat
  falsification time: 534.8472
  total time: 542.7696
DNN PGD 6 seed=3
Falsifying: Forall(x0, (((0 <= x0) & (N[(slice(2, -2, None), 1)](x0) <= 0.8472978603872034) & (0.4054651081081642 < N[(slice(2, -2, None), 1)](x0)) & (x0 <= 1)) ==> ((N[(slice(2, -1, None), 0)](x0) <= 1.0471975511965976) & (-1.0471975511965976 <= N[(slice(2, -1, None), 0)](x0)))))

dnnf
  result: sat
  falsification time: 982.5605
  total time: 990.6053
DNN PGD 7 seed=3
Falsifying: Forall(x0, (((N[(slice(2, -2, None), 1)](x0) <= 1.3862943611198908) & (0.8472978603872034 < N[(slice(2, -2, None), 1)](x0)) & (x0 <= 1) & (0 <= x0)) ==> ((-1.2217304763960306 <= N[(slice(2, -1, None), 0)](x0)) & (N[(slice(2, -1, None), 0)](x0) <= 1.2217304763960306))))

dnnf
  result: sat
  falsification time: 1967.4166
  total time: 1975.3240
DNN PGD 8 seed=3
Falsifying: Forall(x0, (((x0 <= 1) & (1.3862943611198908 < N[(slice(2, -2, None), 1)](x0)) & (0 <= x0) & (N[(slice(2, -2, None), 1)](x0) <= 2.1972245773362196)) ==> ((N[(slice(2, -1, None), 0)](x0) <= 1.3962634015954636) & (-1.3962634015954636 <= N[(slice(2, -1, None), 0)](x0)))))

dnnf
  result: sat
  falsification time: 1563.7198
  total time: 1571.0571
DNN PGD 9 seed=3
Falsifying: Forall(x0, (((x0 <= 1) & (0 <= x0) & (2.1972245773362196 < N[(slice(2, -2, None), 1)](x0))) ==> ((-1.5707963267948966 <= N[(slice(2, -1, None), 0)](x0)) & (N[(slice(2, -1, None), 0)](x0) <= 1.5707963267948966))))

dnnf
  result: sat
  falsification time: 11.9014
  total time: 18.9206
DNN PGD 0 seed=4
Falsifying: Forall(x0, (((x0 <= 1) & (N[(slice(2, -2, None), 1)](x0) <= -2.197224577336219) & (0 <= x0)) ==> ((-0.08726646259971647 <= N[(slice(2, -1, None), 0)](x0)) & (N[(slice(2, -1, None), 0)](x0) <= 0.08726646259971647))))

dnnf
  result: sat
  falsification time: 13.0784
  total time: 20.2802
DNN PGD 1 seed=4
Falsifying: Forall(x0, (((x0 <= 1) & (0 <= x0) & (N[(slice(2, -2, None), 1)](x0) <= -1.3862943611198906) & (-2.197224577336219 < N[(slice(2, -2, None), 1)](x0))) ==> ((N[(slice(2, -1, None), 0)](x0) <= 0.17453292519943295) & (-0.17453292519943295 <= N[(slice(2, -1, None), 0)](x0)))))

dnnf
  result: sat
  falsification time: 172.7612
  total time: 179.9820
DNN PGD 2 seed=4
Falsifying: Forall(x0, (((0 <= x0) & (-1.3862943611198906 < N[(slice(2, -2, None), 1)](x0)) & (x0 <= 1) & (N[(slice(2, -2, None), 1)](x0) <= -0.8472978603872036)) ==> ((-0.3490658503988659 <= N[(slice(2, -1, None), 0)](x0)) & (N[(slice(2, -1, None), 0)](x0) <= 0.3490658503988659))))

dnnf
  result: sat
  falsification time: 20.3740
  total time: 27.5836
DNN PGD 3 seed=4
Falsifying: Forall(x0, (((x0 <= 1) & (0 <= x0) & (N[(slice(2, -2, None), 1)](x0) <= -0.4054651081081643) & (-0.8472978603872036 < N[(slice(2, -2, None), 1)](x0))) ==> ((N[(slice(2, -1, None), 0)](x0) <= 0.5235987755982988) & (-0.5235987755982988 <= N[(slice(2, -1, None), 0)](x0)))))

dnnf
  result: sat
  falsification time: 129.8982
  total time: 137.0657
DNN PGD 4 seed=4
Falsifying: Forall(x0, (((0 <= x0) & (x0 <= 1) & (-0.4054651081081643 < N[(slice(2, -2, None), 1)](x0)) & (N[(slice(2, -2, None), 1)](x0) <= 0.0)) ==> ((-0.6981317007977318 <= N[(slice(2, -1, None), 0)](x0)) & (N[(slice(2, -1, None), 0)](x0) <= 0.6981317007977318))))

dnnf
  result: sat
  falsification time: 966.0163
  total time: 973.0024
DNN PGD 5 seed=4
Falsifying: Forall(x0, (((0 <= x0) & (N[(slice(2, -2, None), 1)](x0) <= 0.4054651081081642) & (0.0 < N[(slice(2, -2, None), 1)](x0)) & (x0 <= 1)) ==> ((N[(slice(2, -1, None), 0)](x0) <= 0.8726646259971648) & (-0.8726646259971648 <= N[(slice(2, -1, None), 0)](x0)))))

dnnf
  result: sat
  falsification time: 1050.9862
  total time: 1058.0685
DNN PGD 6 seed=4
Falsifying: Forall(x0, (((0.4054651081081642 < N[(slice(2, -2, None), 1)](x0)) & (N[(slice(2, -2, None), 1)](x0) <= 0.8472978603872034) & (x0 <= 1) & (0 <= x0)) ==> ((N[(slice(2, -1, None), 0)](x0) <= 1.0471975511965976) & (-1.0471975511965976 <= N[(slice(2, -1, None), 0)](x0)))))

dnnf
  result: sat
  falsification time: 347.1417
  total time: 354.1561
DNN PGD 7 seed=4
Falsifying: Forall(x0, (((N[(slice(2, -2, None), 1)](x0) <= 1.3862943611198908) & (0 <= x0) & (0.8472978603872034 < N[(slice(2, -2, None), 1)](x0)) & (x0 <= 1)) ==> ((N[(slice(2, -1, None), 0)](x0) <= 1.2217304763960306) & (-1.2217304763960306 <= N[(slice(2, -1, None), 0)](x0)))))

dnnf
  result: sat
  falsification time: 547.5009
  total time: 554.5530
DNN PGD 8 seed=4
Falsifying: Forall(x0, (((N[(slice(2, -2, None), 1)](x0) <= 2.1972245773362196) & (0 <= x0) & (1.3862943611198908 < N[(slice(2, -2, None), 1)](x0)) & (x0 <= 1)) ==> ((N[(slice(2, -1, None), 0)](x0) <= 1.3962634015954636) & (-1.3962634015954636 <= N[(slice(2, -1, None), 0)](x0)))))

dnnf
  result: sat
  falsification time: 982.4253
  total time: 989.4166
DNN PGD 9 seed=4
Falsifying: Forall(x0, (((2.1972245773362196 < N[(slice(2, -2, None), 1)](x0)) & (0 <= x0) & (x0 <= 1)) ==> ((N[(slice(2, -1, None), 0)](x0) <= 1.5707963267948966) & (-1.5707963267948966 <= N[(slice(2, -1, None), 0)](x0)))))

dnnf
  result: sat
  falsification time: 11.4967
  total time: 18.4773
